#-----------------------------------------------------------
# Vivado v2020.2 (64-bit)
# SW Build 3064766 on Wed Nov 18 09:12:45 MST 2020
# IP Build 3064653 on Wed Nov 18 14:17:31 MST 2020
# Start of session at: Wed Apr 28 14:24:39 2021
# Process ID: 8056
# Current directory: C:/Users/DESKTOP-12/Desktop/PUL/spi
# Command line: vivado.exe -gui_launcher_event rodinguilauncherevent24116 C:\Users\DESKTOP-12\Desktop\PUL\spi\spi.xpr
# Log file: C:/Users/DESKTOP-12/Desktop/PUL/spi/vivado.log
# Journal file: C:/Users/DESKTOP-12/Desktop/PUL/spi\vivado.jou
#-----------------------------------------------------------
start_gui
open_project C:/Users/DESKTOP-12/Desktop/PUL/spi/spi.xpr
WARNING: [filemgmt 56-3] Default IP Output Path : Could not find the directory 'C:/Users/DESKTOP-12/Desktop/PUL/spi/spi.gen/sources_1'.
Scanning sources...
Finished scanning sources
INFO: [IP_Flow 19-234] Refreshing IP repositories
INFO: [IP_Flow 19-1704] No user IP repositories specified
INFO: [IP_Flow 19-2313] Loaded Vivado IP repository 'C:/Xilinx/Vivado/2020.2/data/ip'.
update_compile_order -fileset sources_1
exit
INFO: [Common 17-206] Exiting Vivado at Wed Apr 28 14:25:29 2021...
